#! /c/Source/iverilog-install/bin/vvp
:ivl_version "12.0 (devel)" "(s20150603-1539-g2693dd32b)";
:ivl_delay_selection "TYPICAL";
:vpi_time_precision + 0;
:vpi_module "C:\iverilog\lib\ivl\system.vpi";
:vpi_module "C:\iverilog\lib\ivl\vhdl_sys.vpi";
:vpi_module "C:\iverilog\lib\ivl\vhdl_textio.vpi";
:vpi_module "C:\iverilog\lib\ivl\v2005_math.vpi";
:vpi_module "C:\iverilog\lib\ivl\va_math.vpi";
S_000001a53d93d0c0 .scope module, "adder8_tb" "adder8_tb" 2 1;
 .timescale 0 0;
v000001a53d93a940_0 .var "clk", 0 0;
v000001a53d93a9e0_0 .var "in0", 7 0;
v000001a53d93aa80_0 .var "in1", 7 0;
v000001a53d93ab20_0 .net "out", 7 0, v000001a53d93a8a0_0;  1 drivers
S_000001a53d93d250 .scope module, "DUT" "adder8" 2 16, 3 1 0, S_000001a53d93d0c0;
 .timescale 0 0;
    .port_info 0 /INPUT 1 "clk";
    .port_info 1 /INPUT 8 "in0";
    .port_info 2 /INPUT 8 "in1";
    .port_info 3 /OUTPUT 8 "out";
v000001a53d93d3e0_0 .net "clk", 0 0, v000001a53d93a940_0;  1 drivers
v000001a53d952ef0_0 .net "in0", 7 0, v000001a53d93a9e0_0;  1 drivers
v000001a53d93d480_0 .net "in1", 7 0, v000001a53d93aa80_0;  1 drivers
v000001a53d93a8a0_0 .var "out", 7 0;
E_000001a53d93be70 .event posedge, v000001a53d93d3e0_0;
    .scope S_000001a53d93d250;
T_0 ;
    %wait E_000001a53d93be70;
    %load/vec4 v000001a53d952ef0_0;
    %load/vec4 v000001a53d93d480_0;
    %add;
    %assign/vec4 v000001a53d93a8a0_0, 0;
    %jmp T_0;
    .thread T_0;
    .scope S_000001a53d93d0c0;
T_1 ;
    %pushi/vec4 0, 0, 1;
    %store/vec4 v000001a53d93a940_0, 0, 1;
    %pushi/vec4 0, 0, 8;
    %store/vec4 v000001a53d93a9e0_0, 0, 8;
    %pushi/vec4 0, 0, 8;
    %store/vec4 v000001a53d93aa80_0, 0, 8;
    %end;
    .thread T_1;
    .scope S_000001a53d93d0c0;
T_2 ;
    %vpi_call 2 8 "$dumpfile", "wave.vcd" {0 0 0};
    %vpi_call 2 9 "$dumpvars", 32'sb00000000000000000000000000000000, S_000001a53d93d250 {0 0 0};
    %end;
    .thread T_2;
    .scope S_000001a53d93d0c0;
T_3 ;
    %delay 1, 0;
    %load/vec4 v000001a53d93a940_0;
    %inv;
    %assign/vec4 v000001a53d93a940_0, 0;
    %jmp T_3;
    .thread T_3;
    .scope S_000001a53d93d0c0;
T_4 ;
    %delay 2, 0;
    %pushi/vec4 5, 0, 8;
    %store/vec4 v000001a53d93a9e0_0, 0, 8;
    %pushi/vec4 4, 0, 8;
    %store/vec4 v000001a53d93aa80_0, 0, 8;
    %delay 2, 0;
    %pushi/vec4 255, 0, 8;
    %store/vec4 v000001a53d93a9e0_0, 0, 8;
    %pushi/vec4 1, 0, 8;
    %store/vec4 v000001a53d93aa80_0, 0, 8;
    %delay 2, 0;
    %vpi_call 2 31 "$finish" {0 0 0};
    %end;
    .thread T_4;
# The file index is used to find the file name in the following table.
:file_names 4;
    "N/A";
    "<interactive>";
    "adder8_tb.v";
    "adder8.v";
