#! /c/Source/iverilog-install/bin/vvp
:ivl_version "12.0 (devel)" "(s20150603-1539-g2693dd32b)";
:ivl_delay_selection "TYPICAL";
:vpi_time_precision + 0;
:vpi_module "C:\iverilog\lib\ivl\system.vpi";
:vpi_module "C:\iverilog\lib\ivl\vhdl_sys.vpi";
:vpi_module "C:\iverilog\lib\ivl\vhdl_textio.vpi";
:vpi_module "C:\iverilog\lib\ivl\v2005_math.vpi";
:vpi_module "C:\iverilog\lib\ivl\va_math.vpi";
S_0000029c126cb1d0 .scope module, "halfadder_tb" "halfadder_tb" 2 1;
 .timescale 0 0;
v0000029c126c69d0_0 .var "i_p0", 1 0;
v0000029c126c6a70_0 .var "i_p1", 1 0;
v0000029c126c6b10_0 .net "o_p0", 1 0, L_0000029c126ca1b0;  1 drivers
v0000029c126c6bb0_0 .net "o_p1", 1 0, L_0000029c126cd4a0;  1 drivers
S_0000029c126cb360 .scope module, "UUT" "hafladder" 2 10, 3 1 0, S_0000029c126cb1d0;
 .timescale 0 0;
    .port_info 0 /INPUT 2 "i_p0";
    .port_info 1 /INPUT 2 "i_p1";
    .port_info 2 /OUTPUT 2 "o_p0";
    .port_info 3 /OUTPUT 2 "o_p1";
L_0000029c126ca1b0 .functor XOR 2, v0000029c126c69d0_0, v0000029c126c6a70_0, C4<00>, C4<00>;
L_0000029c126cd4a0 .functor AND 2, v0000029c126c69d0_0, v0000029c126c6a70_0, C4<11>, C4<11>;
v0000029c126c71d0_0 .net "i_p0", 1 0, v0000029c126c69d0_0;  1 drivers
v0000029c126ca110_0 .net "i_p1", 1 0, v0000029c126c6a70_0;  1 drivers
v0000029c126c6890_0 .net "o_p0", 1 0, L_0000029c126ca1b0;  alias, 1 drivers
v0000029c126c6930_0 .net "o_p1", 1 0, L_0000029c126cd4a0;  alias, 1 drivers
    .scope S_0000029c126cb1d0;
T_0 ;
    %pushi/vec4 0, 0, 2;
    %store/vec4 v0000029c126c69d0_0, 0, 2;
    %pushi/vec4 0, 0, 2;
    %store/vec4 v0000029c126c6a70_0, 0, 2;
    %delay 1, 0;
    %vpi_call 2 23 "$display", "Input: %b %b, Output: %b %b", v0000029c126c6a70_0, v0000029c126c69d0_0, v0000029c126c6bb0_0, v0000029c126c6b10_0 {0 0 0};
    %pushi/vec4 1, 0, 2;
    %store/vec4 v0000029c126c69d0_0, 0, 2;
    %pushi/vec4 0, 0, 2;
    %store/vec4 v0000029c126c6a70_0, 0, 2;
    %delay 1, 0;
    %vpi_call 2 29 "$display", "Input: %b %b, Output: %b %b", v0000029c126c6a70_0, v0000029c126c69d0_0, v0000029c126c6bb0_0, v0000029c126c6b10_0 {0 0 0};
    %pushi/vec4 0, 0, 2;
    %store/vec4 v0000029c126c69d0_0, 0, 2;
    %pushi/vec4 1, 0, 2;
    %store/vec4 v0000029c126c6a70_0, 0, 2;
    %delay 1, 0;
    %vpi_call 2 35 "$display", "Input: %b %b, Output: %b %b", v0000029c126c6a70_0, v0000029c126c69d0_0, v0000029c126c6bb0_0, v0000029c126c6b10_0 {0 0 0};
    %pushi/vec4 1, 0, 2;
    %store/vec4 v0000029c126c69d0_0, 0, 2;
    %pushi/vec4 1, 0, 2;
    %store/vec4 v0000029c126c6a70_0, 0, 2;
    %delay 1, 0;
    %vpi_call 2 41 "$display", "Input: %b %b, Output: %b %b", v0000029c126c6a70_0, v0000029c126c69d0_0, v0000029c126c6bb0_0, v0000029c126c6b10_0 {0 0 0};
    %vpi_call 2 44 "$finish" {0 0 0};
    %end;
    .thread T_0;
# The file index is used to find the file name in the following table.
:file_names 4;
    "N/A";
    "<interactive>";
    "hafladder_tb.v";
    "hafladder.v";
