#! /c/Source/iverilog-install/bin/vvp
:ivl_version "12.0 (devel)" "(s20150603-1539-g2693dd32b)";
:ivl_delay_selection "TYPICAL";
:vpi_time_precision + 0;
:vpi_module "C:\iverilog\lib\ivl\system.vpi";
:vpi_module "C:\iverilog\lib\ivl\vhdl_sys.vpi";
:vpi_module "C:\iverilog\lib\ivl\vhdl_textio.vpi";
:vpi_module "C:\iverilog\lib\ivl\v2005_math.vpi";
:vpi_module "C:\iverilog\lib\ivl\va_math.vpi";
S_00000203b41bb040 .scope module, "problem2_tb" "problem2_tb" 2 1;
 .timescale 0 0;
v00000203b41b6920_0 .var "i_p0", 7 0;
v00000203b41b69c0_0 .var "i_p1", 7 0;
v00000203b41b6a60_0 .var "i_p2", 7 0;
v00000203b41b6b00_0 .net "o_p", 7 0, L_00000203b41b6ba0;  1 drivers
S_00000203b41bb460 .scope module, "DUT" "problem2" 2 12, 3 1 0, S_00000203b41bb040;
 .timescale 0 0;
    .port_info 0 /INPUT 8 "i_p0";
    .port_info 1 /INPUT 8 "i_p1";
    .port_info 2 /INPUT 8 "i_p2";
    .port_info 3 /OUTPUT 8 "o_p";
L_00000203b41ba650 .functor AND 8, v00000203b41b69c0_0, v00000203b41b6a60_0, C4<11111111>, C4<11111111>;
v00000203b41b71e0_0 .net "i_p0", 7 0, v00000203b41b6920_0;  1 drivers
v00000203b41bb5f0_0 .net "i_p1", 7 0, v00000203b41b69c0_0;  1 drivers
v00000203b41ba5b0_0 .net "i_p2", 7 0, v00000203b41b6a60_0;  1 drivers
v00000203b41bbeb0_0 .net "o_p", 7 0, L_00000203b41b6ba0;  alias, 1 drivers
v00000203b41b6880_0 .net "w_p", 7 0, L_00000203b41ba650;  1 drivers
L_00000203b41b6ba0 .arith/sum 8, v00000203b41b6920_0, L_00000203b41ba650;
    .scope S_00000203b41bb040;
T_0 ;
    %vpi_call 2 8 "$dumpfile", "wave.vcd" {0 0 0};
    %vpi_call 2 9 "$dumpvars", 32'sb00000000000000000000000000000000, S_00000203b41bb460 {0 0 0};
    %end;
    .thread T_0;
    .scope S_00000203b41bb040;
T_1 ;
    %pushi/vec4 85, 0, 8;
    %store/vec4 v00000203b41b6920_0, 0, 8;
    %pushi/vec4 119, 0, 8;
    %store/vec4 v00000203b41b69c0_0, 0, 8;
    %pushi/vec4 1, 0, 8;
    %store/vec4 v00000203b41b6a60_0, 0, 8;
    %delay 2, 0;
    %vpi_call 2 24 "$display", "o_p = %02x", v00000203b41b6b00_0 {0 0 0};
    %pushi/vec4 240, 0, 8;
    %store/vec4 v00000203b41b6920_0, 0, 8;
    %pushi/vec4 85, 0, 8;
    %store/vec4 v00000203b41b69c0_0, 0, 8;
    %pushi/vec4 90, 0, 8;
    %store/vec4 v00000203b41b6a60_0, 0, 8;
    %delay 2, 0;
    %vpi_call 2 29 "$display", "o_p = %02x", v00000203b41b6b00_0 {0 0 0};
    %pushi/vec4 255, 0, 8;
    %store/vec4 v00000203b41b6920_0, 0, 8;
    %pushi/vec4 136, 0, 8;
    %store/vec4 v00000203b41b69c0_0, 0, 8;
    %pushi/vec4 17, 0, 8;
    %store/vec4 v00000203b41b6a60_0, 0, 8;
    %delay 2, 0;
    %vpi_call 2 34 "$display", "o_p = %02x", v00000203b41b6b00_0 {0 0 0};
    %vpi_call 2 35 "$finish" {0 0 0};
    %end;
    .thread T_1;
# The file index is used to find the file name in the following table.
:file_names 4;
    "N/A";
    "<interactive>";
    "problem2_tb.v";
    "problem2.v";
