#! /c/Source/iverilog-install/bin/vvp
:ivl_version "12.0 (devel)" "(s20150603-1539-g2693dd32b)";
:ivl_delay_selection "TYPICAL";
:vpi_time_precision + 0;
:vpi_module "C:\iverilog\lib\ivl\system.vpi";
:vpi_module "C:\iverilog\lib\ivl\vhdl_sys.vpi";
:vpi_module "C:\iverilog\lib\ivl\vhdl_textio.vpi";
:vpi_module "C:\iverilog\lib\ivl\v2005_math.vpi";
:vpi_module "C:\iverilog\lib\ivl\va_math.vpi";
S_0000021942a566c0 .scope module, "problem4_tb" "problem4_tb" 2 1;
 .timescale 0 0;
v000002194299b8a0_0 .var "i_clk", 0 0;
v000002194299b940_0 .var "i_rst", 0 0;
v000002194299b9e0_0 .net "o_p", 15 0, v0000021942a56a80_0;  1 drivers
S_0000021942a56850 .scope module, "DUT" "problem4" 2 11, 3 1 0, S_0000021942a566c0;
 .timescale 0 0;
    .port_info 0 /INPUT 1 "i_rst";
    .port_info 1 /INPUT 1 "i_clk";
    .port_info 2 /OUTPUT 16 "o_p";
v0000021942a569e0_0 .net "i_clk", 0 0, v000002194299b8a0_0;  1 drivers
v00000219429969f0_0 .net "i_rst", 0 0, v000002194299b940_0;  1 drivers
v0000021942a56a80_0 .var "o_p", 15 0;
E_000002194299ce00 .event posedge, v0000021942a569e0_0;
    .scope S_0000021942a56850;
T_0 ;
    %wait E_000002194299ce00;
    %load/vec4 v00000219429969f0_0;
    %flag_set/vec4 8;
    %jmp/0xz  T_0.0, 8;
    %pushi/vec4 0, 0, 16;
    %assign/vec4 v0000021942a56a80_0, 0;
    %jmp T_0.1;
T_0.0 ;
    %pushi/vec4 1, 0, 16;
    %load/vec4 v0000021942a56a80_0;
    %add;
    %assign/vec4 v0000021942a56a80_0, 0;
T_0.1 ;
    %jmp T_0;
    .thread T_0;
    .scope S_0000021942a566c0;
T_1 ;
    %pushi/vec4 0, 0, 1;
    %store/vec4 v000002194299b8a0_0, 0, 1;
    %pushi/vec4 0, 0, 1;
    %store/vec4 v000002194299b940_0, 0, 1;
    %end;
    .thread T_1;
    .scope S_0000021942a566c0;
T_2 ;
    %vpi_call 2 7 "$dumpfile", "wave.vcd" {0 0 0};
    %vpi_call 2 8 "$dumpvars", 32'sb00000000000000000000000000000000, S_0000021942a56850 {0 0 0};
    %end;
    .thread T_2;
    .scope S_0000021942a566c0;
T_3 ;
    %delay 1, 0;
    %load/vec4 v000002194299b8a0_0;
    %inv;
    %assign/vec4 v000002194299b8a0_0, 0;
    %jmp T_3;
    .thread T_3;
    .scope S_0000021942a566c0;
T_4 ;
    %pushi/vec4 1, 0, 1;
    %store/vec4 v000002194299b940_0, 0, 1;
    %delay 10, 0;
    %pushi/vec4 0, 0, 1;
    %store/vec4 v000002194299b940_0, 0, 1;
    %delay 100, 0;
    %vpi_call 2 26 "$finish" {0 0 0};
    %end;
    .thread T_4;
# The file index is used to find the file name in the following table.
:file_names 4;
    "N/A";
    "<interactive>";
    "problem4_tb.v";
    "problem4.v";
